Watching for file changes with StatReloader
[29/Jan/2026 01:30:57] "OPTIONS /api/jobs_v2/applications/app_1769064767028/messages HTTP/1.1" 200 0
[29/Jan/2026 01:30:57] "GET /api/jobs_v2/applications/app_1769064767028/messages HTTP/1.1" 200 2175
[29/Jan/2026 01:30:57] "OPTIONS /api/jobs_v2/applications/app_1769064767028/messages/read HTTP/1.1" 200 0
[29/Jan/2026 01:30:57] "POST /api/jobs_v2/applications/app_1769064767028/messages/read HTTP/1.1" 200 21
[29/Jan/2026 01:33:54] "GET /intel/status HTTP/1.1" 200 38
[29/Jan/2026 01:34:07] "GET /config/public HTTP/1.1" 200 176
[29/Jan/2026 01:34:07] "GET /intel/status HTTP/1.1" 200 38
[29/Jan/2026 01:34:07] "GET /intel?zip=32110&country=TH&lang=en&device_id=fa67e33a-7bea-49c4-ab10-a8d24e2a644a HTTP/1.1" 200 5610
[29/Jan/2026 01:34:08] "OPTIONS /api/jobs_v2/auth/profile HTTP/1.1" 200 0
[29/Jan/2026 01:34:08] "GET /api/jobs_v2/auth/profile HTTP/1.1" 200 771
[29/Jan/2026 01:34:09] "OPTIONS /api/jobs_v2/inbox HTTP/1.1" 200 0
[29/Jan/2026 01:34:09] "OPTIONS /api/jobs_v2/listings/applied HTTP/1.1" 200 0
[29/Jan/2026 01:34:09] "OPTIONS /api/jobs_v2/listings/search?lat=40.7128&lon=-74.006&radius_km=50 HTTP/1.1" 200 0
[29/Jan/2026 01:34:09] "GET /api/jobs_v2/auth/profile HTTP/1.1" 200 771
[29/Jan/2026 01:34:09] "GET /api/jobs_v2/listings/applied HTTP/1.1" 200 2772
[29/Jan/2026 01:34:09] "GET /api/jobs_v2/listings/search?lat=40.7128&lon=-74.006&radius_km=50 HTTP/1.1" 200 4651
[29/Jan/2026 01:34:09] "GET /api/jobs_v2/inbox HTTP/1.1" 200 1300
[29/Jan/2026 01:34:11] "OPTIONS /api/jobs_v2/applications/app_1769064767028 HTTP/1.1" 200 0
[29/Jan/2026 01:34:11] "GET /api/jobs_v2/applications/app_1769064767028 HTTP/1.1" 200 480
[29/Jan/2026 01:34:11] "GET /api/jobs_v2/applications/app_1769064767028/messages HTTP/1.1" 200 2175
[29/Jan/2026 01:34:11] "POST /api/jobs_v2/applications/app_1769064767028/messages/read HTTP/1.1" 200 21
[29/Jan/2026 01:34:16] "OPTIONS /api/jobs_v2/messages/upload-image HTTP/1.1" 200 0
[29/Jan/2026 01:34:16] "POST /api/jobs_v2/messages/upload-image HTTP/1.1" 200 90
[29/Jan/2026 01:34:16] "POST /api/jobs_v2/applications/app_1769064767028/messages/send HTTP/1.1" 200 56
[29/Jan/2026 01:34:16] "GET /api/jobs_v2/applications/app_1769064767028/messages HTTP/1.1" 200 2544
[29/Jan/2026 01:34:16] "POST /api/jobs_v2/applications/app_1769064767028/messages/read HTTP/1.1" 200 21
[29/Jan/2026 01:34:16] "GET /media/jobs/chat/usr_1769040627720_1769650456677.jpg HTTP/1.1" 200 158838
[29/Jan/2026 01:34:21] "GET /api/jobs_v2/applications/app_1769064767028/messages HTTP/1.1" 200 2544
[29/Jan/2026 01:34:21] "POST /api/jobs_v2/applications/app_1769064767028/messages/read HTTP/1.1" 200 21
[29/Jan/2026 01:34:26] "GET /api/jobs_v2/applications/app_1769064767028/messages HTTP/1.1" 200 2544
[29/Jan/2026 01:34:26] "POST /api/jobs_v2/applications/app_1769064767028/messages/read HTTP/1.1" 200 21
[29/Jan/2026 01:34:29] "GET /api/jobs_v2/inbox HTTP/1.1" 200 1293
[29/Jan/2026 01:34:30] "GET /api/jobs_v2/applications/app_1769064767028 HTTP/1.1" 200 480
[29/Jan/2026 01:34:30] "GET /api/jobs_v2/applications/app_1769064767028/messages HTTP/1.1" 200 2544
[29/Jan/2026 01:34:30] "POST /api/jobs_v2/applications/app_1769064767028/messages/read HTTP/1.1" 200 21
[29/Jan/2026 01:34:35] "GET /api/jobs_v2/applications/app_1769064767028/messages HTTP/1.1" 200 2544
[29/Jan/2026 01:34:35] "POST /api/jobs_v2/applications/app_1769064767028/messages/read HTTP/1.1" 200 21
[29/Jan/2026 01:34:36] "POST /api/jobs_v2/messages/upload-image HTTP/1.1" 200 90
[29/Jan/2026 01:34:36] "OPTIONS /api/jobs_v2/applications/app_1769064767028/messages/send HTTP/1.1" 200 0
[29/Jan/2026 01:34:36] "POST /api/jobs_v2/applications/app_1769064767028/messages/send HTTP/1.1" 200 56
[29/Jan/2026 01:34:40] "GET /api/jobs_v2/applications/app_1769064767028/messages HTTP/1.1" 200 2913
[29/Jan/2026 01:34:40] "POST /api/jobs_v2/applications/app_1769064767028/messages/read HTTP/1.1" 200 21
[29/Jan/2026 01:34:40] "GET /media/jobs/chat/usr_1769040627720_1769650476017.jpg HTTP/1.1" 200 147718
[29/Jan/2026 01:34:44] "POST /api/jobs_v2/messages/upload-image HTTP/1.1" 200 90
[29/Jan/2026 01:34:44] "POST /api/jobs_v2/applications/app_1769064767028/messages/send HTTP/1.1" 200 56
[29/Jan/2026 01:34:45] "GET /api/jobs_v2/applications/app_1769064767028/messages HTTP/1.1" 200 3282
[29/Jan/2026 01:34:45] "POST /api/jobs_v2/applications/app_1769064767028/messages/read HTTP/1.1" 200 21
[29/Jan/2026 01:34:45] "GET /media/jobs/chat/usr_1769040627720_1769650484651.jpg HTTP/1.1" 200 147718
[29/Jan/2026 01:34:50] "GET /api/jobs_v2/applications/app_1769064767028/messages HTTP/1.1" 200 3282
[29/Jan/2026 01:34:50] "POST /api/jobs_v2/applications/app_1769064767028/messages/read HTTP/1.1" 200 21
[29/Jan/2026 01:34:55] "GET /api/jobs_v2/applications/app_1769064767028/messages HTTP/1.1" 200 3282
[29/Jan/2026 01:34:55] "POST /api/jobs_v2/applications/app_1769064767028/messages/read HTTP/1.1" 200 21
[29/Jan/2026 01:35:00] "GET /api/jobs_v2/applications/app_1769064767028/messages HTTP/1.1" 200 3282
[29/Jan/2026 01:35:00] "POST /api/jobs_v2/applications/app_1769064767028/messages/read HTTP/1.1" 200 21
[29/Jan/2026 01:35:05] "GET /api/jobs_v2/applications/app_1769064767028/messages HTTP/1.1" 200 3282
[29/Jan/2026 01:35:05] "POST /api/jobs_v2/applications/app_1769064767028/messages/read HTTP/1.1" 200 21
[29/Jan/2026 01:35:12] "GET /api/jobs_v2/applications/app_1769064767028/messages HTTP/1.1" 200 3282
[29/Jan/2026 01:35:12] "POST /api/jobs_v2/applications/app_1769064767028/messages/read HTTP/1.1" 200 21
[29/Jan/2026 01:35:20] "GET /api/jobs_v2/applications/app_1769064767028/messages HTTP/1.1" 200 3282
[29/Jan/2026 01:35:20] "POST /api/jobs_v2/applications/app_1769064767028/messages/read HTTP/1.1" 200 21
[29/Jan/2026 01:35:28] "GET /api/jobs_v2/applications/app_1769064767028/messages HTTP/1.1" 200 3282
[29/Jan/2026 01:35:28] "POST /api/jobs_v2/applications/app_1769064767028/messages/read HTTP/1.1" 200 21
[29/Jan/2026 01:35:33] "GET /api/jobs_v2/applications/app_1769064767028/messages HTTP/1.1" 200 3282
[29/Jan/2026 01:35:33] "POST /api/jobs_v2/applications/app_1769064767028/messages/read HTTP/1.1" 200 21
[29/Jan/2026 01:35:38] "GET /api/jobs_v2/applications/app_1769064767028/messages HTTP/1.1" 200 3282
[29/Jan/2026 01:35:38] "POST /api/jobs_v2/applications/app_1769064767028/messages/read HTTP/1.1" 200 21
[29/Jan/2026 01:35:43] "GET /api/jobs_v2/applications/app_1769064767028/messages HTTP/1.1" 200 3282
[29/Jan/2026 01:35:43] "POST /api/jobs_v2/applications/app_1769064767028/messages/read HTTP/1.1" 200 21
[29/Jan/2026 01:35:48] "GET /api/jobs_v2/applications/app_1769064767028/messages HTTP/1.1" 200 3282
[29/Jan/2026 01:35:48] "POST /api/jobs_v2/applications/app_1769064767028/messages/read HTTP/1.1" 200 21
[29/Jan/2026 01:35:53] "GET /api/jobs_v2/applications/app_1769064767028/messages HTTP/1.1" 200 3282
[29/Jan/2026 01:35:53] "POST /api/jobs_v2/applications/app_1769064767028/messages/read HTTP/1.1" 200 21
[29/Jan/2026 01:35:59] "GET /api/jobs_v2/applications/app_1769064767028/messages HTTP/1.1" 200 3282
[29/Jan/2026 01:35:59] "POST /api/jobs_v2/applications/app_1769064767028/messages/read HTTP/1.1" 200 21
[29/Jan/2026 01:36:09] "GET /api/jobs_v2/applications/app_1769064767028/messages HTTP/1.1" 200 3282
[29/Jan/2026 01:36:09] "POST /api/jobs_v2/applications/app_1769064767028/messages/read HTTP/1.1" 200 21
[29/Jan/2026 01:36:16] "GET /api/jobs_v2/applications/app_1769064767028/messages HTTP/1.1" 200 3282
[29/Jan/2026 01:36:16] "POST /api/jobs_v2/applications/app_1769064767028/messages/read HTTP/1.1" 200 21
[29/Jan/2026 01:36:22] "GET /api/jobs_v2/applications/app_1769064767028/messages HTTP/1.1" 200 3282
[29/Jan/2026 01:36:22] "POST /api/jobs_v2/applications/app_1769064767028/messages/read HTTP/1.1" 200 21
[29/Jan/2026 01:36:27] "GET /api/jobs_v2/applications/app_1769064767028/messages HTTP/1.1" 200 3282
[29/Jan/2026 01:36:27] "POST /api/jobs_v2/applications/app_1769064767028/messages/read HTTP/1.1" 200 21
[29/Jan/2026 01:36:32] "GET /api/jobs_v2/applications/app_1769064767028/messages HTTP/1.1" 200 3282
[29/Jan/2026 01:36:32] "POST /api/jobs_v2/applications/app_1769064767028/messages/read HTTP/1.1" 200 21
[29/Jan/2026 01:36:37] "GET /api/jobs_v2/applications/app_1769064767028/messages HTTP/1.1" 200 3282
[29/Jan/2026 01:36:37] "POST /api/jobs_v2/applications/app_1769064767028/messages/read HTTP/1.1" 200 21
[29/Jan/2026 01:36:42] "GET /api/jobs_v2/applications/app_1769064767028/messages HTTP/1.1" 200 3282
[29/Jan/2026 01:36:42] "POST /api/jobs_v2/applications/app_1769064767028/messages/read HTTP/1.1" 200 21
[29/Jan/2026 01:36:47] "GET /api/jobs_v2/applications/app_1769064767028/messages HTTP/1.1" 200 3282
[29/Jan/2026 01:36:47] "POST /api/jobs_v2/applications/app_1769064767028/messages/read HTTP/1.1" 200 21
[29/Jan/2026 01:36:52] "GET /api/jobs_v2/applications/app_1769064767028/messages HTTP/1.1" 200 3282
[29/Jan/2026 01:36:52] "POST /api/jobs_v2/applications/app_1769064767028/messages/read HTTP/1.1" 200 21
[29/Jan/2026 01:36:57] "GET /api/jobs_v2/applications/app_1769064767028/messages HTTP/1.1" 200 3282
[29/Jan/2026 01:36:57] "POST /api/jobs_v2/applications/app_1769064767028/messages/read HTTP/1.1" 200 21
[29/Jan/2026 01:37:06] "GET /api/jobs_v2/applications/app_1769064767028/messages HTTP/1.1" 200 3282
[29/Jan/2026 01:37:06] "POST /api/jobs_v2/applications/app_1769064767028/messages/read HTTP/1.1" 200 21
[29/Jan/2026 01:37:17] "GET /api/jobs_v2/applications/app_1769064767028/messages HTTP/1.1" 200 3282
[29/Jan/2026 01:37:17] "POST /api/jobs_v2/applications/app_1769064767028/messages/read HTTP/1.1" 200 21
[29/Jan/2026 01:37:35] "GET /api/jobs_v2/applications/app_1769064767028/messages HTTP/1.1" 200 3282
[29/Jan/2026 01:37:35] "POST /api/jobs_v2/applications/app_1769064767028/messages/read HTTP/1.1" 200 21
[29/Jan/2026 01:37:45] "GET /api/jobs_v2/applications/app_1769064767028/messages HTTP/1.1" 200 3282
[29/Jan/2026 01:37:45] "POST /api/jobs_v2/applications/app_1769064767028/messages/read HTTP/1.1" 200 21
[29/Jan/2026 01:38:20] "GET /api/jobs_v2/applications/app_1769064767028/messages HTTP/1.1" 200 3282
[29/Jan/2026 01:38:20] "POST /api/jobs_v2/applications/app_1769064767028/messages/read HTTP/1.1" 200 21
[29/Jan/2026 01:38:38] "GET /api/jobs_v2/applications/app_1769064767028/messages HTTP/1.1" 200 3282
[29/Jan/2026 01:38:38] "POST /api/jobs_v2/applications/app_1769064767028/messages/read HTTP/1.1" 200 21
[29/Jan/2026 01:39:05] "GET /intel/status HTTP/1.1" 200 38
[29/Jan/2026 01:39:07] "GET /config/public HTTP/1.1" 200 176
[29/Jan/2026 01:39:07] "GET /intel/status HTTP/1.1" 200 38
[29/Jan/2026 01:39:07] "GET /intel?zip=32110&country=TH&lang=en&device_id=fa67e33a-7bea-49c4-ab10-a8d24e2a644a HTTP/1.1" 200 5610
[29/Jan/2026 01:39:08] "GET /api/jobs_v2/auth/profile HTTP/1.1" 200 771
[29/Jan/2026 01:39:09] "GET /api/jobs_v2/auth/profile HTTP/1.1" 200 771
[29/Jan/2026 01:39:09] "GET /api/jobs_v2/listings/applied HTTP/1.1" 200 2772
[29/Jan/2026 01:39:09] "GET /api/jobs_v2/listings/search?lat=40.7128&lon=-74.006&radius_km=50 HTTP/1.1" 200 4651
[29/Jan/2026 01:39:09] "GET /api/jobs_v2/inbox HTTP/1.1" 200 1293
[29/Jan/2026 01:39:10] "GET /api/jobs_v2/applications/app_1769064767028 HTTP/1.1" 200 480
[29/Jan/2026 01:39:10] "GET /api/jobs_v2/applications/app_1769064767028/messages HTTP/1.1" 200 3282
[29/Jan/2026 01:39:11] "POST /api/jobs_v2/applications/app_1769064767028/messages/read HTTP/1.1" 200 21
[29/Jan/2026 01:39:11] "GET /media/jobs/chat/usr_1769040627720_1769650456677.jpg HTTP/1.1" 304 0
[29/Jan/2026 01:39:11] "GET /media/jobs/chat/usr_1769040627720_1769650476017.jpg HTTP/1.1" 304 0
[29/Jan/2026 01:39:11] "GET /media/jobs/chat/usr_1769040627720_1769650484651.jpg HTTP/1.1" 304 0
[29/Jan/2026 01:39:15] "GET /api/jobs_v2/applications/app_1769064767028/messages HTTP/1.1" 200 3282
[29/Jan/2026 01:39:15] "POST /api/jobs_v2/applications/app_1769064767028/messages/read HTTP/1.1" 200 21
[29/Jan/2026 01:39:20] "POST /api/jobs_v2/messages/upload-image HTTP/1.1" 200 90
[29/Jan/2026 01:39:20] "POST /api/jobs_v2/applications/app_1769064767028/messages/send HTTP/1.1" 200 56
[29/Jan/2026 01:39:20] "GET /api/jobs_v2/applications/app_1769064767028/messages HTTP/1.1" 200 3651
[29/Jan/2026 01:39:20] "POST /api/jobs_v2/applications/app_1769064767028/messages/read HTTP/1.1" 200 21
[29/Jan/2026 01:39:20] "GET /media/jobs/chat/usr_1769040627720_1769650760106.jpg HTTP/1.1" 200 184033
[29/Jan/2026 01:39:25] "GET /media/jobs/chat/usr_1769040627720_1769650760106.jpg HTTP/1.1" 200 184033
[29/Jan/2026 01:39:25] "GET /api/jobs_v2/applications/app_1769064767028/messages HTTP/1.1" 200 3651
[29/Jan/2026 01:39:25] "POST /api/jobs_v2/applications/app_1769064767028/messages/read HTTP/1.1" 200 21
Not Found: /apple-touch-icon-precomposed.png
Not Found: /favicon.ico
[29/Jan/2026 01:39:26] "GET /favicon.ico HTTP/1.1" 404 6831
[29/Jan/2026 01:39:26] "GET /apple-touch-icon-precomposed.png HTTP/1.1" 404 6894
Not Found: /apple-touch-icon.png
[29/Jan/2026 01:39:26] "GET /apple-touch-icon.png HTTP/1.1" 404 6858
Not Found: /favicon.ico
[29/Jan/2026 01:39:26] "GET /favicon.ico HTTP/1.1" 404 6831
[29/Jan/2026 01:39:31] "OPTIONS /api/jobs_v2/applications/app_1769064767028/messages HTTP/1.1" 200 0
[29/Jan/2026 01:39:31] "GET /api/jobs_v2/applications/app_1769064767028/messages HTTP/1.1" 200 3651
[29/Jan/2026 01:39:31] "OPTIONS /api/jobs_v2/applications/app_1769064767028/messages/read HTTP/1.1" 200 0
[29/Jan/2026 01:39:31] "POST /api/jobs_v2/applications/app_1769064767028/messages/read HTTP/1.1" 200 21
[29/Jan/2026 01:39:36] "GET /api/jobs_v2/applications/app_1769064767028/messages HTTP/1.1" 200 3651
[29/Jan/2026 01:39:36] "POST /api/jobs_v2/applications/app_1769064767028/messages/read HTTP/1.1" 200 21
[29/Jan/2026 01:39:41] "GET /api/jobs_v2/applications/app_1769064767028/messages HTTP/1.1" 200 3651
[29/Jan/2026 01:39:41] "POST /api/jobs_v2/applications/app_1769064767028/messages/read HTTP/1.1" 200 21
[29/Jan/2026 01:39:46] "GET /api/jobs_v2/applications/app_1769064767028/messages HTTP/1.1" 200 3651
[29/Jan/2026 01:39:46] "POST /api/jobs_v2/applications/app_1769064767028/messages/read HTTP/1.1" 200 21
[29/Jan/2026 01:39:49] "GET /media/jobs/chat/usr_1769040627720_1769650476017.jpg HTTP/1.1" 200 147718
[29/Jan/2026 01:39:51] "GET /api/jobs_v2/applications/app_1769064767028/messages HTTP/1.1" 200 3651
[29/Jan/2026 01:39:51] "POST /api/jobs_v2/applications/app_1769064767028/messages/read HTTP/1.1" 200 21
[29/Jan/2026 01:39:56] "GET /api/jobs_v2/applications/app_1769064767028/messages HTTP/1.1" 200 3651
[29/Jan/2026 01:39:56] "POST /api/jobs_v2/applications/app_1769064767028/messages/read HTTP/1.1" 200 21
[29/Jan/2026 01:40:01] "GET /api/jobs_v2/applications/app_1769064767028/messages HTTP/1.1" 200 3651
[29/Jan/2026 01:40:01] "POST /api/jobs_v2/applications/app_1769064767028/messages/read HTTP/1.1" 200 21
[29/Jan/2026 01:40:01] "OPTIONS /api/jobs_v2/applications/app_1769064767028/messages/send HTTP/1.1" 200 0
[29/Jan/2026 01:40:01] "POST /api/jobs_v2/applications/app_1769064767028/messages/send HTTP/1.1" 200 56
[29/Jan/2026 01:40:01] "GET /api/jobs_v2/applications/app_1769064767028/messages HTTP/1.1" 200 3975
[29/Jan/2026 01:40:01] "POST /api/jobs_v2/applications/app_1769064767028/messages/read HTTP/1.1" 200 21
[29/Jan/2026 01:40:04] "OPTIONS /api/jobs_v2/inbox HTTP/1.1" 200 0
[29/Jan/2026 01:40:04] "GET /api/jobs_v2/inbox HTTP/1.1" 200 1298
[29/Jan/2026 01:40:09] "OPTIONS /api/jobs_v2/listings/mine HTTP/1.1" 200 0
[29/Jan/2026 01:40:09] "OPTIONS /api/jobs_v2/listings/search?lat=40.7128&lon=-74.006&radius_km=50 HTTP/1.1" 200 0
[29/Jan/2026 01:40:09] "OPTIONS /api/jobs_v2/auth/profile HTTP/1.1" 200 0
[29/Jan/2026 01:40:09] "GET /api/jobs_v2/auth/profile HTTP/1.1" 200 771
[29/Jan/2026 01:40:09] "GET /api/jobs_v2/listings/mine HTTP/1.1" 200 2720
[29/Jan/2026 01:40:09] "GET /api/jobs_v2/listings/search?lat=40.7128&lon=-74.006&radius_km=50 HTTP/1.1" 200 4651
[29/Jan/2026 01:40:09] "GET /api/jobs_v2/inbox HTTP/1.1" 200 1298
[29/Jan/2026 01:40:10] "OPTIONS /api/jobs_v2/applications/app_1769064767028 HTTP/1.1" 200 0
[29/Jan/2026 01:40:10] "GET /api/jobs_v2/applications/app_1769064767028 HTTP/1.1" 200 480
[29/Jan/2026 01:40:10] "GET /api/jobs_v2/applications/app_1769064767028/messages HTTP/1.1" 200 3975
[29/Jan/2026 01:40:10] "POST /api/jobs_v2/applications/app_1769064767028/messages/read HTTP/1.1" 200 21
[29/Jan/2026 01:40:15] "GET /api/jobs_v2/applications/app_1769064767028/messages HTTP/1.1" 200 3975
[29/Jan/2026 01:40:15] "POST /api/jobs_v2/applications/app_1769064767028/messages/read HTTP/1.1" 200 21
[29/Jan/2026 01:40:17] "POST /api/jobs_v2/applications/app_1769064767028/messages/send HTTP/1.1" 200 56
[29/Jan/2026 01:40:17] "GET /api/jobs_v2/applications/app_1769064767028/messages HTTP/1.1" 200 4296
[29/Jan/2026 01:40:17] "POST /api/jobs_v2/applications/app_1769064767028/messages/read HTTP/1.1" 200 21
[29/Jan/2026 01:40:20] "GET /api/jobs_v2/applications/app_1769064767028/messages HTTP/1.1" 200 4296
[29/Jan/2026 01:40:20] "POST /api/jobs_v2/applications/app_1769064767028/messages/read HTTP/1.1" 200 21
[29/Jan/2026 01:40:25] "GET /api/jobs_v2/applications/app_1769064767028/messages HTTP/1.1" 200 4296
[29/Jan/2026 01:40:25] "POST /api/jobs_v2/applications/app_1769064767028/messages/read HTTP/1.1" 200 21
[29/Jan/2026 01:40:29] "GET /intel/status HTTP/1.1" 200 38
[29/Jan/2026 01:41:11] "GET /config/public HTTP/1.1" 200 176
[29/Jan/2026 01:41:12] "GET /intel/status HTTP/1.1" 200 38
[29/Jan/2026 01:41:12] "GET /intel?zip=32110&country=TH&lang=en&device_id=fa67e33a-7bea-49c4-ab10-a8d24e2a644a HTTP/1.1" 200 5610
[29/Jan/2026 01:41:13] "GET /api/jobs_v2/auth/profile HTTP/1.1" 200 771
[29/Jan/2026 01:41:14] "OPTIONS /api/jobs_v2/listings/applied HTTP/1.1" 200 0
[29/Jan/2026 01:41:14] "GET /api/jobs_v2/auth/profile HTTP/1.1" 200 771
[29/Jan/2026 01:41:14] "GET /api/jobs_v2/listings/applied HTTP/1.1" 200 2772
[29/Jan/2026 01:41:14] "GET /api/jobs_v2/listings/search?lat=40.7128&lon=-74.006&radius_km=50 HTTP/1.1" 200 4651
[29/Jan/2026 01:41:14] "GET /api/jobs_v2/inbox HTTP/1.1" 200 1295
[29/Jan/2026 01:41:15] "GET /api/jobs_v2/applications/app_1769064767028 HTTP/1.1" 200 480
[29/Jan/2026 01:41:15] "GET /api/jobs_v2/applications/app_1769064767028/messages HTTP/1.1" 200 4296
[29/Jan/2026 01:41:16] "POST /api/jobs_v2/applications/app_1769064767028/messages/read HTTP/1.1" 200 21
[29/Jan/2026 01:41:16] "GET /media/jobs/chat/usr_1769040627720_1769650456677.jpg HTTP/1.1" 304 0
[29/Jan/2026 01:41:16] "GET /media/jobs/chat/usr_1769040627720_1769650476017.jpg HTTP/1.1" 304 0
[29/Jan/2026 01:41:16] "GET /media/jobs/chat/usr_1769040627720_1769650484651.jpg HTTP/1.1" 304 0
[29/Jan/2026 01:41:16] "GET /media/jobs/chat/usr_1769040627720_1769650760106.jpg HTTP/1.1" 304 0
[29/Jan/2026 01:41:20] "GET /api/jobs_v2/applications/app_1769064767028/messages HTTP/1.1" 200 4296
[29/Jan/2026 01:41:20] "POST /api/jobs_v2/applications/app_1769064767028/messages/read HTTP/1.1" 200 21
[29/Jan/2026 01:41:25] "GET /api/jobs_v2/applications/app_1769064767028/messages HTTP/1.1" 200 4296
[29/Jan/2026 01:41:25] "POST /api/jobs_v2/applications/app_1769064767028/messages/read HTTP/1.1" 200 21
[29/Jan/2026 01:41:30] "GET /api/jobs_v2/applications/app_1769064767028/messages HTTP/1.1" 200 4296
[29/Jan/2026 01:41:30] "POST /api/jobs_v2/applications/app_1769064767028/messages/read HTTP/1.1" 200 21
[29/Jan/2026 01:41:31] "GET /api/jobs_v2/inbox HTTP/1.1" 200 1295
[29/Jan/2026 01:42:48] "GET /intel/status HTTP/1.1" 200 38
[29/Jan/2026 01:42:49] "GET /config/public HTTP/1.1" 200 176
[29/Jan/2026 01:42:49] "GET /intel/status HTTP/1.1" 200 38
[29/Jan/2026 01:42:49] "GET /intel?zip=32110&country=TH&lang=en&device_id=fa67e33a-7bea-49c4-ab10-a8d24e2a644a HTTP/1.1" 200 5610
[29/Jan/2026 01:42:50] "GET /api/jobs_v2/auth/profile HTTP/1.1" 200 771
[29/Jan/2026 01:42:51] "GET /api/jobs_v2/auth/profile HTTP/1.1" 200 771
[29/Jan/2026 01:42:51] "GET /api/jobs_v2/listings/applied HTTP/1.1" 200 2772
[29/Jan/2026 01:42:51] "GET /api/jobs_v2/listings/search?lat=40.7128&lon=-74.006&radius_km=50 HTTP/1.1" 200 4651
[29/Jan/2026 01:42:51] "GET /api/jobs_v2/inbox HTTP/1.1" 200 1295
[29/Jan/2026 01:42:53] "GET /api/jobs_v2/applications/app_1769064767028 HTTP/1.1" 200 480
[29/Jan/2026 01:42:53] "GET /api/jobs_v2/applications/app_1769064767028/messages HTTP/1.1" 200 4296
[29/Jan/2026 01:42:53] "POST /api/jobs_v2/applications/app_1769064767028/messages/read HTTP/1.1" 200 21
[29/Jan/2026 01:42:53] "GET /media/jobs/chat/usr_1769040627720_1769650456677.jpg HTTP/1.1" 304 0
[29/Jan/2026 01:42:53] "GET /media/jobs/chat/usr_1769040627720_1769650476017.jpg HTTP/1.1" 304 0
[29/Jan/2026 01:42:53] "GET /media/jobs/chat/usr_1769040627720_1769650484651.jpg HTTP/1.1" 304 0
[29/Jan/2026 01:42:53] "GET /media/jobs/chat/usr_1769040627720_1769650760106.jpg HTTP/1.1" 304 0
[29/Jan/2026 01:42:58] "GET /api/jobs_v2/applications/app_1769064767028/messages HTTP/1.1" 200 4296
[29/Jan/2026 01:42:58] "POST /api/jobs_v2/applications/app_1769064767028/messages/read HTTP/1.1" 200 21
[29/Jan/2026 01:43:03] "GET /api/jobs_v2/applications/app_1769064767028/messages HTTP/1.1" 200 4296
[29/Jan/2026 01:43:03] "POST /api/jobs_v2/applications/app_1769064767028/messages/read HTTP/1.1" 200 21
[29/Jan/2026 01:43:08] "GET /api/jobs_v2/applications/app_1769064767028/messages HTTP/1.1" 200 4296
[29/Jan/2026 01:43:08] "POST /api/jobs_v2/applications/app_1769064767028/messages/read HTTP/1.1" 200 21
[29/Jan/2026 01:43:13] "GET /api/jobs_v2/applications/app_1769064767028/messages HTTP/1.1" 200 4296
[29/Jan/2026 01:43:13] "POST /api/jobs_v2/applications/app_1769064767028/messages/read HTTP/1.1" 200 21
[29/Jan/2026 01:43:18] "GET /api/jobs_v2/applications/app_1769064767028/messages HTTP/1.1" 200 4296
[29/Jan/2026 01:43:18] "POST /api/jobs_v2/applications/app_1769064767028/messages/read HTTP/1.1" 200 21
[29/Jan/2026 01:43:23] "GET /api/jobs_v2/applications/app_1769064767028/messages HTTP/1.1" 200 4296
[29/Jan/2026 01:43:23] "POST /api/jobs_v2/applications/app_1769064767028/messages/read HTTP/1.1" 200 21
[29/Jan/2026 01:43:41] "GET /api/jobs_v2/applications/app_1769064767028/messages HTTP/1.1" 200 4296
[29/Jan/2026 01:43:41] "POST /api/jobs_v2/applications/app_1769064767028/messages/read HTTP/1.1" 200 21
[29/Jan/2026 01:43:47] "GET /api/jobs_v2/applications/app_1769064767028/messages HTTP/1.1" 200 4296
[29/Jan/2026 01:43:47] "POST /api/jobs_v2/applications/app_1769064767028/messages/read HTTP/1.1" 200 21
[29/Jan/2026 01:43:54] "GET /api/jobs_v2/applications/app_1769064767028/messages HTTP/1.1" 200 4296
[29/Jan/2026 01:43:54] "POST /api/jobs_v2/applications/app_1769064767028/messages/read HTTP/1.1" 200 21
[29/Jan/2026 01:44:08] "GET /api/jobs_v2/applications/app_1769064767028/messages HTTP/1.1" 200 4296
[29/Jan/2026 01:44:08] "POST /api/jobs_v2/applications/app_1769064767028/messages/read HTTP/1.1" 200 21
[29/Jan/2026 01:44:19] "GET /api/jobs_v2/applications/app_1769064767028/messages HTTP/1.1" 200 4296
[29/Jan/2026 01:44:19] "POST /api/jobs_v2/applications/app_1769064767028/messages/read HTTP/1.1" 200 21
[29/Jan/2026 01:44:24] "GET /api/jobs_v2/applications/app_1769064767028/messages HTTP/1.1" 200 4296
[29/Jan/2026 01:44:24] "POST /api/jobs_v2/applications/app_1769064767028/messages/read HTTP/1.1" 200 21
[29/Jan/2026 01:44:30] "GET /api/jobs_v2/applications/app_1769064767028/messages HTTP/1.1" 200 4296
[29/Jan/2026 01:44:30] "POST /api/jobs_v2/applications/app_1769064767028/messages/read HTTP/1.1" 200 21
[29/Jan/2026 01:44:39] "GET /api/jobs_v2/applications/app_1769064767028/messages HTTP/1.1" 200 4296
[29/Jan/2026 01:44:39] "POST /api/jobs_v2/applications/app_1769064767028/messages/read HTTP/1.1" 200 21
[29/Jan/2026 01:44:47] "GET /api/jobs_v2/applications/app_1769064767028/messages HTTP/1.1" 200 4296
[29/Jan/2026 01:44:47] "POST /api/jobs_v2/applications/app_1769064767028/messages/read HTTP/1.1" 200 21
[29/Jan/2026 01:45:03] "GET /api/jobs_v2/applications/app_1769064767028/messages HTTP/1.1" 200 4296
[29/Jan/2026 01:45:03] "POST /api/jobs_v2/applications/app_1769064767028/messages/read HTTP/1.1" 200 21
[29/Jan/2026 01:45:41] "GET /api/jobs_v2/applications/app_1769064767028/messages HTTP/1.1" 200 4296
[29/Jan/2026 01:45:41] "POST /api/jobs_v2/applications/app_1769064767028/messages/read HTTP/1.1" 200 21
[29/Jan/2026 01:46:01] "GET /api/jobs_v2/applications/app_1769064767028/messages HTTP/1.1" 200 4296
[29/Jan/2026 01:46:01] "POST /api/jobs_v2/applications/app_1769064767028/messages/read HTTP/1.1" 200 21
[29/Jan/2026 01:46:06] "GET /intel/status HTTP/1.1" 200 38
[29/Jan/2026 01:46:42] "GET /intel/status HTTP/1.1" 200 38
[29/Jan/2026 01:46:43] "GET /config/public HTTP/1.1" 200 176
[29/Jan/2026 01:46:43] "GET /intel/status HTTP/1.1" 200 38
[29/Jan/2026 01:46:43] "GET /intel?zip=32110&country=TH&lang=en&device_id=fa67e33a-7bea-49c4-ab10-a8d24e2a644a HTTP/1.1" 200 5610
[29/Jan/2026 01:46:44] "GET /api/jobs_v2/auth/profile HTTP/1.1" 200 771
[29/Jan/2026 01:46:44] "GET /api/jobs_v2/auth/profile HTTP/1.1" 200 771
[29/Jan/2026 01:46:44] "GET /api/jobs_v2/listings/applied HTTP/1.1" 200 2772
[29/Jan/2026 01:46:44] "GET /api/jobs_v2/listings/search?lat=40.7128&lon=-74.006&radius_km=50 HTTP/1.1" 200 4651
[29/Jan/2026 01:46:44] "GET /api/jobs_v2/inbox HTTP/1.1" 200 1295
[29/Jan/2026 01:46:46] "GET /api/jobs_v2/applications/app_1769064767028 HTTP/1.1" 200 480
[29/Jan/2026 01:46:46] "GET /api/jobs_v2/applications/app_1769064767028/messages HTTP/1.1" 200 4296
[29/Jan/2026 01:46:46] "POST /api/jobs_v2/applications/app_1769064767028/messages/read HTTP/1.1" 200 21
[29/Jan/2026 01:46:46] "GET /media/jobs/chat/usr_1769040627720_1769650456677.jpg HTTP/1.1" 304 0
[29/Jan/2026 01:46:46] "GET /media/jobs/chat/usr_1769040627720_1769650476017.jpg HTTP/1.1" 304 0
[29/Jan/2026 01:46:46] "GET /media/jobs/chat/usr_1769040627720_1769650484651.jpg HTTP/1.1" 304 0
[29/Jan/2026 01:46:46] "GET /media/jobs/chat/usr_1769040627720_1769650760106.jpg HTTP/1.1" 304 0
[29/Jan/2026 01:46:51] "GET /api/jobs_v2/applications/app_1769064767028/messages HTTP/1.1" 200 4296
[29/Jan/2026 01:46:51] "POST /api/jobs_v2/applications/app_1769064767028/messages/read HTTP/1.1" 200 21
[29/Jan/2026 01:46:56] "GET /api/jobs_v2/applications/app_1769064767028/messages HTTP/1.1" 200 4296
[29/Jan/2026 01:46:56] "POST /api/jobs_v2/applications/app_1769064767028/messages/read HTTP/1.1" 200 21
[29/Jan/2026 01:47:01] "GET /api/jobs_v2/applications/app_1769064767028/messages HTTP/1.1" 200 4296
[29/Jan/2026 01:47:01] "POST /api/jobs_v2/applications/app_1769064767028/messages/read HTTP/1.1" 200 21
[29/Jan/2026 01:47:06] "GET /api/jobs_v2/applications/app_1769064767028/messages HTTP/1.1" 200 4296
[29/Jan/2026 01:47:06] "POST /api/jobs_v2/applications/app_1769064767028/messages/read HTTP/1.1" 200 21
[29/Jan/2026 01:47:12] "GET /api/jobs_v2/applications/app_1769064767028/messages HTTP/1.1" 200 4296
[29/Jan/2026 01:47:12] "POST /api/jobs_v2/applications/app_1769064767028/messages/read HTTP/1.1" 200 21
[29/Jan/2026 01:47:17] "GET /api/jobs_v2/applications/app_1769064767028/messages HTTP/1.1" 200 4296
[29/Jan/2026 01:47:17] "POST /api/jobs_v2/applications/app_1769064767028/messages/read HTTP/1.1" 200 21
[29/Jan/2026 01:47:24] "GET /api/jobs_v2/applications/app_1769064767028/messages HTTP/1.1" 200 4296
[29/Jan/2026 01:47:24] "POST /api/jobs_v2/applications/app_1769064767028/messages/read HTTP/1.1" 200 21
[29/Jan/2026 01:47:29] "GET /api/jobs_v2/applications/app_1769064767028/messages HTTP/1.1" 200 4296
[29/Jan/2026 01:47:29] "POST /api/jobs_v2/applications/app_1769064767028/messages/read HTTP/1.1" 200 21
[29/Jan/2026 01:47:34] "GET /api/jobs_v2/applications/app_1769064767028/messages HTTP/1.1" 200 4296
[29/Jan/2026 01:47:34] "POST /api/jobs_v2/applications/app_1769064767028/messages/read HTTP/1.1" 200 21
[29/Jan/2026 01:47:37] "GET /api/jobs_v2/inbox HTTP/1.1" 200 1295
[29/Jan/2026 01:47:39] "GET /api/jobs_v2/applications/app_1769064767028 HTTP/1.1" 200 480
[29/Jan/2026 01:47:39] "GET /api/jobs_v2/applications/app_1769064767028/messages HTTP/1.1" 200 4296
[29/Jan/2026 01:47:39] "POST /api/jobs_v2/applications/app_1769064767028/messages/read HTTP/1.1" 200 21
[29/Jan/2026 01:47:41] "GET /api/jobs_v2/inbox HTTP/1.1" 200 1295
[29/Jan/2026 01:47:44] "OPTIONS /api/jobs_v2/applications/app_1769643098359 HTTP/1.1" 200 0
[29/Jan/2026 01:47:44] "GET /api/jobs_v2/applications/app_1769643098359 HTTP/1.1" 200 399
[29/Jan/2026 01:47:44] "OPTIONS /api/jobs_v2/applications/app_1769643098359/messages HTTP/1.1" 200 0
[29/Jan/2026 01:47:44] "GET /api/jobs_v2/applications/app_1769643098359/messages HTTP/1.1" 200 785
[29/Jan/2026 01:47:44] "OPTIONS /api/jobs_v2/applications/app_1769643098359/messages/read HTTP/1.1" 200 0
[29/Jan/2026 01:47:44] "POST /api/jobs_v2/applications/app_1769643098359/messages/read HTTP/1.1" 200 21
[29/Jan/2026 01:47:48] "OPTIONS /api/jobs_v2/applications/app_1769643098359/messages/send HTTP/1.1" 200 0
[29/Jan/2026 01:47:48] "POST /api/jobs_v2/applications/app_1769643098359/messages/send HTTP/1.1" 200 56
[29/Jan/2026 01:47:49] "GET /api/jobs_v2/applications/app_1769643098359/messages HTTP/1.1" 200 1112
[29/Jan/2026 01:47:49] "POST /api/jobs_v2/applications/app_1769643098359/messages/read HTTP/1.1" 200 21
[29/Jan/2026 01:47:49] "GET /api/jobs_v2/applications/app_1769643098359/messages HTTP/1.1" 200 1112
[29/Jan/2026 01:47:49] "POST /api/jobs_v2/applications/app_1769643098359/messages/read HTTP/1.1" 200 21
[29/Jan/2026 01:47:54] "GET /api/jobs_v2/applications/app_1769643098359/messages HTTP/1.1" 200 1112
[29/Jan/2026 01:47:54] "POST /api/jobs_v2/applications/app_1769643098359/messages/read HTTP/1.1" 200 21
[29/Jan/2026 01:48:00] "GET /intel/status HTTP/1.1" 200 38
[29/Jan/2026 01:50:28] "GET /intel/status HTTP/1.1" 200 38
[29/Jan/2026 01:50:54] "GET /config/public HTTP/1.1" 200 176
[29/Jan/2026 01:50:54] "GET /intel/status HTTP/1.1" 200 38
[29/Jan/2026 01:50:54] "GET /intel?zip=32110&country=TH&lang=en&device_id=fa67e33a-7bea-49c4-ab10-a8d24e2a644a HTTP/1.1" 200 5610
[29/Jan/2026 01:50:57] "OPTIONS /api/jobs_v2/auth/profile HTTP/1.1" 200 0
[29/Jan/2026 01:50:57] "GET /api/jobs_v2/auth/profile HTTP/1.1" 200 771
[29/Jan/2026 01:50:58] "OPTIONS /api/jobs_v2/listings/search?lat=40.7128&lon=-74.006&radius_km=50 HTTP/1.1" 200 0
[29/Jan/2026 01:50:58] "OPTIONS /api/jobs_v2/inbox HTTP/1.1" 200 0
[29/Jan/2026 01:50:58] "GET /api/jobs_v2/auth/profile HTTP/1.1" 200 771
[29/Jan/2026 01:50:58] "GET /api/jobs_v2/listings/applied HTTP/1.1" 200 2772
[29/Jan/2026 01:50:58] "GET /api/jobs_v2/listings/search?lat=40.7128&lon=-74.006&radius_km=50 HTTP/1.1" 200 4651
[29/Jan/2026 01:50:58] "GET /api/jobs_v2/inbox HTTP/1.1" 200 1302
[29/Jan/2026 01:51:00] "GET /api/jobs_v2/applications/app_1769643098359 HTTP/1.1" 200 399
[29/Jan/2026 01:51:00] "GET /api/jobs_v2/applications/app_1769643098359/messages HTTP/1.1" 200 1112
[29/Jan/2026 01:51:00] "POST /api/jobs_v2/applications/app_1769643098359/messages/read HTTP/1.1" 200 21
[29/Jan/2026 01:51:04] "GET /api/jobs_v2/inbox HTTP/1.1" 200 1302
[29/Jan/2026 01:51:07] "OPTIONS /api/jobs_v2/applications/app_1769064767028 HTTP/1.1" 200 0
[29/Jan/2026 01:51:07] "GET /api/jobs_v2/applications/app_1769064767028 HTTP/1.1" 200 480
[29/Jan/2026 01:51:07] "OPTIONS /api/jobs_v2/applications/app_1769064767028/messages HTTP/1.1" 200 0
[29/Jan/2026 01:51:07] "GET /api/jobs_v2/applications/app_1769064767028/messages HTTP/1.1" 200 4296
[29/Jan/2026 01:51:07] "OPTIONS /api/jobs_v2/applications/app_1769064767028/messages/read HTTP/1.1" 200 0
[29/Jan/2026 01:51:07] "POST /api/jobs_v2/applications/app_1769064767028/messages/read HTTP/1.1" 200 21
[29/Jan/2026 01:51:07] "GET /media/jobs/chat/usr_1769040627720_1769650456677.jpg HTTP/1.1" 304 0
[29/Jan/2026 01:51:07] "GET /media/jobs/chat/usr_1769040627720_1769650476017.jpg HTTP/1.1" 304 0
[29/Jan/2026 01:51:07] "GET /media/jobs/chat/usr_1769040627720_1769650484651.jpg HTTP/1.1" 304 0
[29/Jan/2026 01:51:07] "GET /media/jobs/chat/usr_1769040627720_1769650760106.jpg HTTP/1.1" 304 0
[29/Jan/2026 01:51:12] "GET /api/jobs_v2/applications/app_1769064767028/messages HTTP/1.1" 200 4296
[29/Jan/2026 01:51:12] "POST /api/jobs_v2/applications/app_1769064767028/messages/read HTTP/1.1" 200 21
[29/Jan/2026 01:51:17] "GET /api/jobs_v2/applications/app_1769064767028/messages HTTP/1.1" 200 4296
[29/Jan/2026 01:51:17] "POST /api/jobs_v2/applications/app_1769064767028/messages/read HTTP/1.1" 200 21
[29/Jan/2026 01:51:22] "GET /api/jobs_v2/applications/app_1769064767028/messages HTTP/1.1" 200 4296
[29/Jan/2026 01:51:22] "POST /api/jobs_v2/applications/app_1769064767028/messages/read HTTP/1.1" 200 21
[29/Jan/2026 01:51:27] "GET /api/jobs_v2/applications/app_1769064767028/messages HTTP/1.1" 200 4296
[29/Jan/2026 01:51:27] "POST /api/jobs_v2/applications/app_1769064767028/messages/read HTTP/1.1" 200 21
[29/Jan/2026 01:51:32] "GET /api/jobs_v2/applications/app_1769064767028/messages HTTP/1.1" 200 4296
[29/Jan/2026 01:51:32] "POST /api/jobs_v2/applications/app_1769064767028/messages/read HTTP/1.1" 200 21
[29/Jan/2026 01:51:37] "GET /api/jobs_v2/applications/app_1769064767028/messages HTTP/1.1" 200 4296
[29/Jan/2026 01:51:37] "POST /api/jobs_v2/applications/app_1769064767028/messages/read HTTP/1.1" 200 21
[29/Jan/2026 01:51:42] "GET /api/jobs_v2/applications/app_1769064767028/messages HTTP/1.1" 200 4296
[29/Jan/2026 01:51:42] "POST /api/jobs_v2/applications/app_1769064767028/messages/read HTTP/1.1" 200 21
[29/Jan/2026 01:51:47] "GET /api/jobs_v2/applications/app_1769064767028/messages HTTP/1.1" 200 4296
[29/Jan/2026 01:51:47] "POST /api/jobs_v2/applications/app_1769064767028/messages/read HTTP/1.1" 200 21
[29/Jan/2026 01:51:52] "GET /api/jobs_v2/applications/app_1769064767028/messages HTTP/1.1" 200 4296
[29/Jan/2026 01:51:52] "POST /api/jobs_v2/applications/app_1769064767028/messages/read HTTP/1.1" 200 21
[29/Jan/2026 01:51:57] "GET /api/jobs_v2/applications/app_1769064767028/messages HTTP/1.1" 200 4296
[29/Jan/2026 01:51:57] "POST /api/jobs_v2/applications/app_1769064767028/messages/read HTTP/1.1" 200 21
[29/Jan/2026 01:52:02] "GET /api/jobs_v2/applications/app_1769064767028/messages HTTP/1.1" 200 4296
[29/Jan/2026 01:52:02] "POST /api/jobs_v2/applications/app_1769064767028/messages/read HTTP/1.1" 200 21
[29/Jan/2026 01:52:07] "GET /api/jobs_v2/applications/app_1769064767028/messages HTTP/1.1" 200 4296
[29/Jan/2026 01:52:07] "POST /api/jobs_v2/applications/app_1769064767028/messages/read HTTP/1.1" 200 21
[29/Jan/2026 01:52:12] "GET /api/jobs_v2/applications/app_1769064767028/messages HTTP/1.1" 200 4296
[29/Jan/2026 01:52:12] "POST /api/jobs_v2/applications/app_1769064767028/messages/read HTTP/1.1" 200 21
[29/Jan/2026 01:52:17] "GET /api/jobs_v2/applications/app_1769064767028/messages HTTP/1.1" 200 4296
[29/Jan/2026 01:52:17] "POST /api/jobs_v2/applications/app_1769064767028/messages/read HTTP/1.1" 200 21
[29/Jan/2026 01:52:22] "GET /api/jobs_v2/applications/app_1769064767028/messages HTTP/1.1" 200 4296
[29/Jan/2026 01:52:22] "POST /api/jobs_v2/applications/app_1769064767028/messages/read HTTP/1.1" 200 21
[29/Jan/2026 01:52:27] "GET /api/jobs_v2/applications/app_1769064767028/messages HTTP/1.1" 200 4296
[29/Jan/2026 01:52:27] "POST /api/jobs_v2/applications/app_1769064767028/messages/read HTTP/1.1" 200 21
[29/Jan/2026 01:52:32] "GET /api/jobs_v2/applications/app_1769064767028/messages HTTP/1.1" 200 4296
[29/Jan/2026 01:52:32] "POST /api/jobs_v2/applications/app_1769064767028/messages/read HTTP/1.1" 200 21
[29/Jan/2026 01:52:37] "GET /api/jobs_v2/applications/app_1769064767028/messages HTTP/1.1" 200 4296
[29/Jan/2026 01:52:37] "POST /api/jobs_v2/applications/app_1769064767028/messages/read HTTP/1.1" 200 21
[29/Jan/2026 01:52:42] "GET /api/jobs_v2/applications/app_1769064767028/messages HTTP/1.1" 200 4296
[29/Jan/2026 01:52:42] "POST /api/jobs_v2/applications/app_1769064767028/messages/read HTTP/1.1" 200 21
[29/Jan/2026 01:52:47] "GET /api/jobs_v2/applications/app_1769064767028/messages HTTP/1.1" 200 4296
[29/Jan/2026 01:52:47] "POST /api/jobs_v2/applications/app_1769064767028/messages/read HTTP/1.1" 200 21
[29/Jan/2026 02:29:35] "GET /api/jobs_v2/applications/app_1769064767028/messages HTTP/1.1" 200 4296
[29/Jan/2026 02:29:35] "POST /api/jobs_v2/applications/app_1769064767028/messages/read HTTP/1.1" 200 21
[29/Jan/2026 02:29:40] "GET /api/jobs_v2/applications/app_1769064767028/messages HTTP/1.1" 200 4296
[29/Jan/2026 02:29:40] "POST /api/jobs_v2/applications/app_1769064767028/messages/read HTTP/1.1" 200 21
[29/Jan/2026 02:29:45] "GET /api/jobs_v2/applications/app_1769064767028/messages HTTP/1.1" 200 4296
[29/Jan/2026 02:29:45] "POST /api/jobs_v2/applications/app_1769064767028/messages/read HTTP/1.1" 200 21
[29/Jan/2026 02:29:50] "GET /api/jobs_v2/applications/app_1769064767028/messages HTTP/1.1" 200 4296
[29/Jan/2026 02:29:50] "POST /api/jobs_v2/applications/app_1769064767028/messages/read HTTP/1.1" 200 21
[29/Jan/2026 02:29:55] "GET /api/jobs_v2/applications/app_1769064767028/messages HTTP/1.1" 200 4296
[29/Jan/2026 02:29:55] "POST /api/jobs_v2/applications/app_1769064767028/messages/read HTTP/1.1" 200 21
[29/Jan/2026 02:30:00] "GET /api/jobs_v2/applications/app_1769064767028/messages HTTP/1.1" 200 4296
[29/Jan/2026 02:30:00] "POST /api/jobs_v2/applications/app_1769064767028/messages/read HTTP/1.1" 200 21
[29/Jan/2026 02:30:05] "GET /api/jobs_v2/applications/app_1769064767028/messages HTTP/1.1" 200 4296
[29/Jan/2026 02:30:05] "POST /api/jobs_v2/applications/app_1769064767028/messages/read HTTP/1.1" 200 21
[29/Jan/2026 02:30:10] "GET /api/jobs_v2/applications/app_1769064767028/messages HTTP/1.1" 200 4296
[29/Jan/2026 02:30:11] "POST /api/jobs_v2/applications/app_1769064767028/messages/read HTTP/1.1" 200 21
[29/Jan/2026 02:37:17,228] - Broken pipe from ('127.0.0.1', 50204)
[29/Jan/2026 02:37:19] "GET /api/jobs_v2/applications/app_1769064767028/messages HTTP/1.1" 200 4296
[29/Jan/2026 02:37:19] "POST /api/jobs_v2/applications/app_1769064767028/messages/read HTTP/1.1" 200 21
[29/Jan/2026 02:37:27] "GET /api/jobs_v2/applications/app_1769064767028/messages HTTP/1.1" 200 4296
[29/Jan/2026 02:37:27] "POST /api/jobs_v2/applications/app_1769064767028/messages/read HTTP/1.1" 200 21
[29/Jan/2026 02:37:45] "GET /api/jobs_v2/applications/app_1769064767028/messages HTTP/1.1" 200 4296
[29/Jan/2026 02:37:45] "POST /api/jobs_v2/applications/app_1769064767028/messages/read HTTP/1.1" 200 21
[29/Jan/2026 02:37:59] "GET /api/jobs_v2/applications/app_1769064767028/messages HTTP/1.1" 200 4296
[29/Jan/2026 02:37:59] "POST /api/jobs_v2/applications/app_1769064767028/messages/read HTTP/1.1" 200 21
[29/Jan/2026 02:48:13] "GET /api/jobs_v2/applications/app_1769064767028/messages HTTP/1.1" 200 4296
[29/Jan/2026 02:48:13] "POST /api/jobs_v2/applications/app_1769064767028/messages/read HTTP/1.1" 200 21
[29/Jan/2026 02:48:51] "GET /api/jobs_v2/applications/app_1769064767028/messages HTTP/1.1" 200 4296
[29/Jan/2026 02:48:51] "POST /api/jobs_v2/applications/app_1769064767028/messages/read HTTP/1.1" 200 21
[29/Jan/2026 02:49:08] "GET /api/jobs_v2/applications/app_1769064767028/messages HTTP/1.1" 200 4296
[29/Jan/2026 02:49:08] "POST /api/jobs_v2/applications/app_1769064767028/messages/read HTTP/1.1" 200 21
[29/Jan/2026 02:49:13] "GET /api/jobs_v2/applications/app_1769064767028/messages HTTP/1.1" 200 4296
[29/Jan/2026 02:49:13] "POST /api/jobs_v2/applications/app_1769064767028/messages/read HTTP/1.1" 200 21
[29/Jan/2026 02:49:18] "GET /api/jobs_v2/applications/app_1769064767028/messages HTTP/1.1" 200 4296
[29/Jan/2026 02:49:18] "POST /api/jobs_v2/applications/app_1769064767028/messages/read HTTP/1.1" 200 21
[29/Jan/2026 02:49:25] "GET /api/jobs_v2/applications/app_1769064767028/messages HTTP/1.1" 200 4296
[29/Jan/2026 02:49:25] "POST /api/jobs_v2/applications/app_1769064767028/messages/read HTTP/1.1" 200 21
[29/Jan/2026 02:49:35] "GET /api/jobs_v2/applications/app_1769064767028/messages HTTP/1.1" 200 4296
[29/Jan/2026 02:49:35] "POST /api/jobs_v2/applications/app_1769064767028/messages/read HTTP/1.1" 200 21
[29/Jan/2026 02:49:40] "GET /api/jobs_v2/applications/app_1769064767028/messages HTTP/1.1" 200 4296
[29/Jan/2026 02:49:40] "POST /api/jobs_v2/applications/app_1769064767028/messages/read HTTP/1.1" 200 21
[29/Jan/2026 02:49:46] "GET /api/jobs_v2/applications/app_1769064767028/messages HTTP/1.1" 200 4296
[29/Jan/2026 02:49:46] "POST /api/jobs_v2/applications/app_1769064767028/messages/read HTTP/1.1" 200 21
[29/Jan/2026 02:49:53] "GET /api/jobs_v2/applications/app_1769064767028/messages HTTP/1.1" 200 4296
[29/Jan/2026 02:49:53] "POST /api/jobs_v2/applications/app_1769064767028/messages/read HTTP/1.1" 200 21
[29/Jan/2026 02:50:01] "GET /api/jobs_v2/applications/app_1769064767028/messages HTTP/1.1" 200 4296
[29/Jan/2026 02:50:01] "POST /api/jobs_v2/applications/app_1769064767028/messages/read HTTP/1.1" 200 21
[29/Jan/2026 02:50:22] "GET /api/jobs_v2/applications/app_1769064767028/messages HTTP/1.1" 200 4296
[29/Jan/2026 02:50:22] "POST /api/jobs_v2/applications/app_1769064767028/messages/read HTTP/1.1" 200 21
[29/Jan/2026 02:50:41] "GET /api/jobs_v2/applications/app_1769064767028/messages HTTP/1.1" 200 4296
[29/Jan/2026 02:50:41] "POST /api/jobs_v2/applications/app_1769064767028/messages/read HTTP/1.1" 200 21
[29/Jan/2026 02:51:16] "GET /api/jobs_v2/applications/app_1769064767028/messages HTTP/1.1" 200 4296
[29/Jan/2026 02:51:16] "POST /api/jobs_v2/applications/app_1769064767028/messages/read HTTP/1.1" 200 21
[29/Jan/2026 02:51:33] "GET /api/jobs_v2/applications/app_1769064767028/messages HTTP/1.1" 200 4296
[29/Jan/2026 02:51:33] "POST /api/jobs_v2/applications/app_1769064767028/messages/read HTTP/1.1" 200 21
[29/Jan/2026 02:52:51] "GET /api/jobs_v2/applications/app_1769064767028/messages HTTP/1.1" 200 4296
[29/Jan/2026 02:52:51] "POST /api/jobs_v2/applications/app_1769064767028/messages/read HTTP/1.1" 200 21
[29/Jan/2026 02:55:05] "OPTIONS /api/jobs_v2/applications/app_1769064767028/messages HTTP/1.1" 200 0
[29/Jan/2026 02:55:05] "GET /api/jobs_v2/applications/app_1769064767028/messages HTTP/1.1" 200 4296
[29/Jan/2026 02:55:05] "OPTIONS /api/jobs_v2/applications/app_1769064767028/messages/read HTTP/1.1" 200 0
[29/Jan/2026 02:55:05] "POST /api/jobs_v2/applications/app_1769064767028/messages/read HTTP/1.1" 200 21
[29/Jan/2026 02:57:07] "GET /api/jobs_v2/applications/app_1769064767028/messages HTTP/1.1" 200 4296
[29/Jan/2026 02:57:07] "POST /api/jobs_v2/applications/app_1769064767028/messages/read HTTP/1.1" 200 21
[29/Jan/2026 03:06:25] "OPTIONS /api/jobs_v2/applications/app_1769064767028/messages HTTP/1.1" 200 0
[29/Jan/2026 03:06:25] "GET /api/jobs_v2/applications/app_1769064767028/messages HTTP/1.1" 200 4296
[29/Jan/2026 03:06:25] "OPTIONS /api/jobs_v2/applications/app_1769064767028/messages/read HTTP/1.1" 200 0
[29/Jan/2026 03:06:25] "POST /api/jobs_v2/applications/app_1769064767028/messages/read HTTP/1.1" 200 21
[29/Jan/2026 03:55:37] "OPTIONS /api/jobs_v2/applications/app_1769064767028/messages HTTP/1.1" 200 0
[29/Jan/2026 03:55:37] "GET /api/jobs_v2/applications/app_1769064767028/messages HTTP/1.1" 200 4296
[29/Jan/2026 03:55:38] "OPTIONS /api/jobs_v2/applications/app_1769064767028/messages/read HTTP/1.1" 200 0
[29/Jan/2026 03:55:38] "POST /api/jobs_v2/applications/app_1769064767028/messages/read HTTP/1.1" 200 21
[29/Jan/2026 03:56:07,258] - Broken pipe from ('127.0.0.1', 54561)
